2023-05-14 10:38:00.888  INFO 4468 --- [restartedMain] c.shopme.admin.ShopmeBackEndApplication  : Starting ShopmeBackEndApplication using Java 17.0.5 on DESKTOP-JRSDL0G with PID 4468 (C:\Users\shaha\OneDrive\Documents\shopme-miniproject\ShopmeWebParent\ShopmeBackEnd\target\classes started by shaha in C:\Users\shaha\OneDrive\Documents\shopme-miniproject\ShopmeWebParent\ShopmeBackEnd)
2023-05-14 10:38:00.897  INFO 4468 --- [restartedMain] c.shopme.admin.ShopmeBackEndApplication  : No active profile set, falling back to default profiles: default
2023-05-14 10:38:01.200  INFO 4468 --- [restartedMain] .e.DevToolsPropertyDefaultsPostProcessor : Devtools property defaults active! Set 'spring.devtools.add-properties' to 'false' to disable
2023-05-14 10:38:01.200  INFO 4468 --- [restartedMain] .e.DevToolsPropertyDefaultsPostProcessor : For additional web related logging consider setting the 'logging.level.web' property to 'DEBUG'
2023-05-14 10:38:04.691  INFO 4468 --- [restartedMain] .s.d.r.c.RepositoryConfigurationDelegate : Bootstrapping Spring Data JPA repositories in DEFAULT mode.
2023-05-14 10:38:05.119  INFO 4468 --- [restartedMain] .s.d.r.c.RepositoryConfigurationDelegate : Finished Spring Data repository scanning in 390 ms. Found 17 JPA repository interfaces.
2023-05-14 10:38:07.340  INFO 4468 --- [restartedMain] o.s.b.w.embedded.tomcat.TomcatWebServer  : Tomcat initialized with port(s): 8080 (http)
2023-05-14 10:38:07.381  INFO 4468 --- [restartedMain] o.apache.catalina.core.StandardService   : Starting service [Tomcat]
2023-05-14 10:38:07.384  INFO 4468 --- [restartedMain] org.apache.catalina.core.StandardEngine  : Starting Servlet engine: [Apache Tomcat/9.0.41]
2023-05-14 10:38:07.727  INFO 4468 --- [restartedMain] o.a.c.c.C.[.[localhost].[/shopmeAdmin]   : Initializing Spring embedded WebApplicationContext
2023-05-14 10:38:07.727  INFO 4468 --- [restartedMain] w.s.c.ServletWebServerApplicationContext : Root WebApplicationContext: initialization completed in 6527 ms
2023-05-14 10:38:08.497  INFO 4468 --- [restartedMain] o.hibernate.jpa.internal.util.LogHelper  : HHH000204: Processing PersistenceUnitInfo [name: default]
2023-05-14 10:38:08.693  INFO 4468 --- [restartedMain] org.hibernate.Version                    : HHH000412: Hibernate ORM core version 5.4.25.Final
2023-05-14 10:38:09.456  INFO 4468 --- [restartedMain] o.hibernate.annotations.common.Version   : HCANN000001: Hibernate Commons Annotations {5.1.2.Final}
2023-05-14 10:38:10.164  INFO 4468 --- [restartedMain] com.zaxxer.hikari.HikariDataSource       : HikariPool-1 - Starting...
2023-05-14 10:38:11.717  INFO 4468 --- [restartedMain] com.zaxxer.hikari.HikariDataSource       : HikariPool-1 - Start completed.
2023-05-14 10:38:11.774  INFO 4468 --- [restartedMain] org.hibernate.dialect.Dialect            : HHH000400: Using dialect: org.hibernate.dialect.MySQL8Dialect
2023-05-14 10:38:17.112  INFO 4468 --- [restartedMain] o.h.e.t.j.p.i.JtaPlatformInitiator       : HHH000490: Using JtaPlatform implementation: [org.hibernate.engine.transaction.jta.platform.internal.NoJtaPlatform]
2023-05-14 10:38:17.132  INFO 4468 --- [restartedMain] j.LocalContainerEntityManagerFactoryBean : Initialized JPA EntityManagerFactory for persistence unit 'default'
2023-05-14 10:38:17.264  INFO 4468 --- [restartedMain] o.s.b.d.a.OptionalLiveReloadServer       : LiveReload server is running on port 35729
2023-05-14 10:38:20.010  WARN 4468 --- [restartedMain] JpaBaseConfiguration$JpaWebConfiguration : spring.jpa.open-in-view is enabled by default. Therefore, database queries may be performed during view rendering. Explicitly configure spring.jpa.open-in-view to disable this warning
2023-05-14 10:38:21.412  INFO 4468 --- [restartedMain] o.s.s.web.DefaultSecurityFilterChain     : Will secure Ant [pattern='/images/**'] with []
2023-05-14 10:38:21.412  INFO 4468 --- [restartedMain] o.s.s.web.DefaultSecurityFilterChain     : Will secure Ant [pattern='/js/**'] with []
2023-05-14 10:38:21.427  INFO 4468 --- [restartedMain] o.s.s.web.DefaultSecurityFilterChain     : Will secure Ant [pattern='/webjars/**'] with []
2023-05-14 10:38:21.427  INFO 4468 --- [restartedMain] o.s.s.web.DefaultSecurityFilterChain     : Will secure Ant [pattern='/assets/**'] with []
2023-05-14 10:38:21.547  INFO 4468 --- [restartedMain] o.s.s.web.DefaultSecurityFilterChain     : Will secure any request with [org.springframework.security.web.context.request.async.WebAsyncManagerIntegrationFilter@b7a3a97, org.springframework.security.web.context.SecurityContextPersistenceFilter@57fb4fe2, org.springframework.security.web.header.HeaderWriterFilter@4ba95d19, org.springframework.security.web.csrf.CsrfFilter@393d6c63, org.springframework.security.web.authentication.logout.LogoutFilter@3046ad27, org.springframework.security.web.authentication.UsernamePasswordAuthenticationFilter@31dc43a4, org.springframework.security.web.savedrequest.RequestCacheAwareFilter@3c79e31e, org.springframework.security.web.servletapi.SecurityContextHolderAwareRequestFilter@76fe31ce, org.springframework.security.web.authentication.rememberme.RememberMeAuthenticationFilter@7bd4f8e1, org.springframework.security.web.authentication.AnonymousAuthenticationFilter@39b478ad, org.springframework.security.web.session.SessionManagementFilter@229592f2, org.springframework.security.web.access.ExceptionTranslationFilter@51c620f2, org.springframework.security.web.access.intercept.FilterSecurityInterceptor@3432c9b0]
2023-05-14 10:38:21.948  INFO 4468 --- [restartedMain] o.s.s.concurrent.ThreadPoolTaskExecutor  : Initializing ExecutorService 'applicationTaskExecutor'
2023-05-14 10:38:22.560  INFO 4468 --- [restartedMain] o.s.b.a.w.s.WelcomePageHandlerMapping    : Adding welcome page template: index
2023-05-14 10:38:24.748  INFO 4468 --- [restartedMain] o.s.b.w.embedded.tomcat.TomcatWebServer  : Tomcat started on port(s): 8080 (http) with context path '/shopmeAdmin'
2023-05-14 10:38:24.818  INFO 4468 --- [restartedMain] c.shopme.admin.ShopmeBackEndApplication  : Started ShopmeBackEndApplication in 25.534 seconds (JVM running for 30.366)
2023-05-14 10:38:52.204  INFO 4468 --- [http-nio-8080-exec-3] o.a.c.c.C.[.[localhost].[/shopmeAdmin]   : Initializing Spring DispatcherServlet 'dispatcherServlet'
2023-05-14 10:38:52.204  INFO 4468 --- [http-nio-8080-exec-3] o.s.web.servlet.DispatcherServlet        : Initializing Servlet 'dispatcherServlet'
2023-05-14 10:38:52.208  INFO 4468 --- [http-nio-8080-exec-3] o.s.web.servlet.DispatcherServlet        : Completed initialization in 2 ms
2023-05-14 20:05:58.871  WARN 4468 --- [HikariPool-1 housekeeper] com.zaxxer.hikari.pool.HikariPool        : HikariPool-1 - Thread starvation or clock leap detected (housekeeper delta=9h24m46s994ms10µs100ns).
2023-05-14 21:13:16.550  INFO 14384 --- [restartedMain] c.shopme.admin.ShopmeBackEndApplication  : Starting ShopmeBackEndApplication using Java 17.0.5 on DESKTOP-JRSDL0G with PID 14384 (C:\Users\shaha\OneDrive\Documents\shopme-miniproject\ShopmeWebParent\ShopmeBackEnd\target\classes started by shaha in C:\Users\shaha\OneDrive\Documents\shopme-miniproject\ShopmeWebParent\ShopmeBackEnd)
2023-05-14 21:13:16.558  INFO 14384 --- [restartedMain] c.shopme.admin.ShopmeBackEndApplication  : No active profile set, falling back to default profiles: default
2023-05-14 21:13:16.671  INFO 14384 --- [restartedMain] .e.DevToolsPropertyDefaultsPostProcessor : Devtools property defaults active! Set 'spring.devtools.add-properties' to 'false' to disable
2023-05-14 21:13:16.672  INFO 14384 --- [restartedMain] .e.DevToolsPropertyDefaultsPostProcessor : For additional web related logging consider setting the 'logging.level.web' property to 'DEBUG'
2023-05-14 21:13:18.811  INFO 14384 --- [restartedMain] .s.d.r.c.RepositoryConfigurationDelegate : Bootstrapping Spring Data JPA repositories in DEFAULT mode.
2023-05-14 21:13:18.994  INFO 14384 --- [restartedMain] .s.d.r.c.RepositoryConfigurationDelegate : Finished Spring Data repository scanning in 161 ms. Found 17 JPA repository interfaces.
2023-05-14 21:13:19.956  INFO 14384 --- [restartedMain] o.s.b.w.embedded.tomcat.TomcatWebServer  : Tomcat initialized with port(s): 8080 (http)
2023-05-14 21:13:19.971  INFO 14384 --- [restartedMain] o.apache.catalina.core.StandardService   : Starting service [Tomcat]
2023-05-14 21:13:19.971  INFO 14384 --- [restartedMain] org.apache.catalina.core.StandardEngine  : Starting Servlet engine: [Apache Tomcat/9.0.41]
2023-05-14 21:13:20.082  INFO 14384 --- [restartedMain] o.a.c.c.C.[.[localhost].[/shopmeAdmin]   : Initializing Spring embedded WebApplicationContext
2023-05-14 21:13:20.083  INFO 14384 --- [restartedMain] w.s.c.ServletWebServerApplicationContext : Root WebApplicationContext: initialization completed in 3410 ms
2023-05-14 21:13:20.586  INFO 14384 --- [restartedMain] o.hibernate.jpa.internal.util.LogHelper  : HHH000204: Processing PersistenceUnitInfo [name: default]
2023-05-14 21:13:20.686  INFO 14384 --- [restartedMain] org.hibernate.Version                    : HHH000412: Hibernate ORM core version 5.4.25.Final
2023-05-14 21:13:21.024  INFO 14384 --- [restartedMain] o.hibernate.annotations.common.Version   : HCANN000001: Hibernate Commons Annotations {5.1.2.Final}
2023-05-14 21:13:21.304  INFO 14384 --- [restartedMain] com.zaxxer.hikari.HikariDataSource       : HikariPool-1 - Starting...
2023-05-14 21:13:21.896  INFO 14384 --- [restartedMain] com.zaxxer.hikari.HikariDataSource       : HikariPool-1 - Start completed.
2023-05-14 21:13:21.929  INFO 14384 --- [restartedMain] org.hibernate.dialect.Dialect            : HHH000400: Using dialect: org.hibernate.dialect.MySQL8Dialect
2023-05-14 21:13:24.286  INFO 14384 --- [restartedMain] o.h.e.t.j.p.i.JtaPlatformInitiator       : HHH000490: Using JtaPlatform implementation: [org.hibernate.engine.transaction.jta.platform.internal.NoJtaPlatform]
2023-05-14 21:13:24.300  INFO 14384 --- [restartedMain] j.LocalContainerEntityManagerFactoryBean : Initialized JPA EntityManagerFactory for persistence unit 'default'
2023-05-14 21:13:24.359  INFO 14384 --- [restartedMain] o.s.b.d.a.OptionalLiveReloadServer       : LiveReload server is running on port 35729
2023-05-14 21:13:25.271  WARN 14384 --- [restartedMain] JpaBaseConfiguration$JpaWebConfiguration : spring.jpa.open-in-view is enabled by default. Therefore, database queries may be performed during view rendering. Explicitly configure spring.jpa.open-in-view to disable this warning
2023-05-14 21:13:25.837  INFO 14384 --- [restartedMain] o.s.s.web.DefaultSecurityFilterChain     : Will secure Ant [pattern='/images/**'] with []
2023-05-14 21:13:25.838  INFO 14384 --- [restartedMain] o.s.s.web.DefaultSecurityFilterChain     : Will secure Ant [pattern='/js/**'] with []
2023-05-14 21:13:25.838  INFO 14384 --- [restartedMain] o.s.s.web.DefaultSecurityFilterChain     : Will secure Ant [pattern='/webjars/**'] with []
2023-05-14 21:13:25.838  INFO 14384 --- [restartedMain] o.s.s.web.DefaultSecurityFilterChain     : Will secure Ant [pattern='/assets/**'] with []
2023-05-14 21:13:25.882  INFO 14384 --- [restartedMain] o.s.s.web.DefaultSecurityFilterChain     : Will secure any request with [org.springframework.security.web.context.request.async.WebAsyncManagerIntegrationFilter@3cd262bd, org.springframework.security.web.context.SecurityContextPersistenceFilter@59a0bfe1, org.springframework.security.web.header.HeaderWriterFilter@4fd973d2, org.springframework.security.web.csrf.CsrfFilter@2dc7d841, org.springframework.security.web.authentication.logout.LogoutFilter@44538640, org.springframework.security.web.authentication.UsernamePasswordAuthenticationFilter@79629c64, org.springframework.security.web.savedrequest.RequestCacheAwareFilter@38016f68, org.springframework.security.web.servletapi.SecurityContextHolderAwareRequestFilter@6a8b152a, org.springframework.security.web.authentication.rememberme.RememberMeAuthenticationFilter@2d54e6ac, org.springframework.security.web.authentication.AnonymousAuthenticationFilter@60fdd2e9, org.springframework.security.web.session.SessionManagementFilter@7c3c47f5, org.springframework.security.web.access.ExceptionTranslationFilter@6a2a7d14, org.springframework.security.web.access.intercept.FilterSecurityInterceptor@1cab6f01]
2023-05-14 21:13:26.033  INFO 14384 --- [restartedMain] o.s.s.concurrent.ThreadPoolTaskExecutor  : Initializing ExecutorService 'applicationTaskExecutor'
2023-05-14 21:13:26.198  INFO 14384 --- [restartedMain] o.s.b.a.w.s.WelcomePageHandlerMapping    : Adding welcome page template: index
2023-05-14 21:13:27.012  INFO 14384 --- [restartedMain] o.s.b.w.embedded.tomcat.TomcatWebServer  : Tomcat started on port(s): 8080 (http) with context path '/shopmeAdmin'
2023-05-14 21:13:27.026  INFO 14384 --- [restartedMain] c.shopme.admin.ShopmeBackEndApplication  : Started ShopmeBackEndApplication in 11.219 seconds (JVM running for 12.816)
2023-05-14 21:14:56.923  INFO 14384 --- [http-nio-8080-exec-1] o.a.c.c.C.[.[localhost].[/shopmeAdmin]   : Initializing Spring DispatcherServlet 'dispatcherServlet'
2023-05-14 21:14:56.923  INFO 14384 --- [http-nio-8080-exec-1] o.s.web.servlet.DispatcherServlet        : Initializing Servlet 'dispatcherServlet'
2023-05-14 21:14:56.925  INFO 14384 --- [http-nio-8080-exec-1] o.s.web.servlet.DispatcherServlet        : Completed initialization in 1 ms
2023-05-14 21:36:28.576  WARN 14384 --- [HikariPool-1 housekeeper] com.zaxxer.hikari.pool.HikariPool        : HikariPool-1 - Thread starvation or clock leap detected (housekeeper delta=12m36s391ms167µs200ns).
